Arguments: 
  /usr/local/Cellar/node/17.8.0/bin/node /usr/local/bin/yarn add @antv

PATH: 
  /Users/yinyiming/opt/anaconda3/bin:/Users/yinyiming/opt/anaconda3/condabin:/Library/Frameworks/Python.framework/Versions/3.7/bin:/usr/local/bin:/usr/bin:/bin:/usr/sbin:/sbin:/Library/TeX/texbin:/opt/X11/bin:/Library/Frameworks/Mono.framework/Versions/Current/Commands

Yarn version: 
  1.22.18

Node version: 
  17.8.0

Platform: 
  darwin x64

Trace: 
  Error: https://registry.yarnpkg.com/@antv: Request "https://registry.yarnpkg.com/@antv" returned a 405
      at Request.params.callback [as _callback] (/usr/local/lib/node_modules/yarn/lib/cli.js:66147:18)
      at Request.self.callback (/usr/local/lib/node_modules/yarn/lib/cli.js:140883:22)
      at Request.emit (node:events:527:28)
      at Request.<anonymous> (/usr/local/lib/node_modules/yarn/lib/cli.js:141855:10)
      at Request.emit (node:events:527:28)
      at IncomingMessage.<anonymous> (/usr/local/lib/node_modules/yarn/lib/cli.js:141777:12)
      at Object.onceWrapper (node:events:641:28)
      at IncomingMessage.emit (node:events:539:35)
      at endReadableNT (node:internal/streams/readable:1345:12)
      at processTicksAndRejections (node:internal/process/task_queues:83:21)

npm manifest: 
  {
    "dependencies": {
      "@fortawesome/fontawesome-svg-core": "^6.1.1",
      "@fortawesome/free-solid-svg-icons": "^6.1.1",
      "@fortawesome/react-fontawesome": "^0.1.18",
      "lodash-es": "^4.17.21",
      "react": "^17.0.2",
      "react-dom": "^17.0.2",
      "semantic-ui-react": "^2.1.2",
      "types": "^0.1.1"
    }
  }

yarn manifest: 
  No manifest

Lockfile: 
  # THIS IS AN AUTOGENERATED FILE. DO NOT EDIT THIS FILE DIRECTLY.
  # yarn lockfile v1
  
  
  "@babel/runtime@^7.10.4", "@babel/runtime@^7.10.5":
    "integrity" "sha512-dQpEpK0O9o6lj6oPu0gRDbbnk+4LeHlNcBpspf6Olzt3GIX4P1lWF1gS+pHLDFlaJvbR6q7jCfQ08zA4QJBnmA=="
    "resolved" "https://registry.npmjs.org/@babel/runtime/-/runtime-7.17.8.tgz"
    "version" "7.17.8"
    dependencies:
      "regenerator-runtime" "^0.13.4"
  
  "@fluentui/react-component-event-listener@~0.51.6":
    "integrity" "sha512-NjVm+crN0T9A7vITL8alZeHnuV8zi2gos0nezU/2YOxaUAB9E4zKiPxt/6k5U50rJs/gj8Nu45iXxnjO41HbZg=="
    "resolved" "https://registry.npmjs.org/@fluentui/react-component-event-listener/-/react-component-event-listener-0.51.7.tgz"
    "version" "0.51.7"
    dependencies:
      "@babel/runtime" "^7.10.4"
  
  "@fluentui/react-component-ref@~0.51.6":
    "integrity" "sha512-CX27jVJYaFoBCWpuWAizQZ2se137ku1dmDyn8sw+ySNJa+kkQf7LnMydiPW5K7cRdUSqUJW3eS4EjKRvVAx8xA=="
    "resolved" "https://registry.npmjs.org/@fluentui/react-component-ref/-/react-component-ref-0.51.7.tgz"
    "version" "0.51.7"
    dependencies:
      "@babel/runtime" "^7.10.4"
      "react-is" "^16.6.3"
  
  "@fortawesome/fontawesome-common-types@6.1.1":
    "integrity" "sha512-wVn5WJPirFTnzN6tR95abCx+ocH+3IFLXAgyavnf9hUmN0CfWoDjPT/BAWsUVwSlYYVBeCLJxaqi7ZGe4uSjBA=="
    "resolved" "https://registry.npmjs.org/@fortawesome/fontawesome-common-types/-/fontawesome-common-types-6.1.1.tgz"
    "version" "6.1.1"
  
  "@fortawesome/fontawesome-svg-core@^6.1.1", "@fortawesome/fontawesome-svg-core@~1 || ~6":
    "integrity" "sha512-NCg0w2YIp81f4V6cMGD9iomfsIj7GWrqmsa0ZsPh59G7PKiGN1KymZNxmF00ssuAlo/VZmpK6xazsGOwzKYUMg=="
    "resolved" "https://registry.npmjs.org/@fortawesome/fontawesome-svg-core/-/fontawesome-svg-core-6.1.1.tgz"
    "version" "6.1.1"
    dependencies:
      "@fortawesome/fontawesome-common-types" "6.1.1"
  
  "@fortawesome/free-solid-svg-icons@^6.1.1":
    "integrity" "sha512-0/5exxavOhI/D4Ovm2r3vxNojGZioPwmFrKg0ZUH69Q68uFhFPs6+dhAToh6VEQBntxPRYPuT5Cg1tpNa9JUPg=="
    "resolved" "https://registry.npmjs.org/@fortawesome/free-solid-svg-icons/-/free-solid-svg-icons-6.1.1.tgz"
    "version" "6.1.1"
    dependencies:
      "@fortawesome/fontawesome-common-types" "6.1.1"
  
  "@fortawesome/react-fontawesome@^0.1.18":
    "integrity" "sha512-RwLIB4TZw0M9gvy5u+TusAA0afbwM4JQIimNH/j3ygd6aIvYPQLqXMhC9ErY26J23rDPyDZldIfPq/HpTTJ/tQ=="
    "resolved" "https://registry.npmjs.org/@fortawesome/react-fontawesome/-/react-fontawesome-0.1.18.tgz"
    "version" "0.1.18"
    dependencies:
      "prop-types" "^15.8.1"
  
  "@popperjs/core@^2.0.0", "@popperjs/core@^2.6.0":
    "integrity" "sha512-q/ytXxO5NKvyT37pmisQAItCFqA7FD/vNb8dgaJy3/630Fsc+Mz9/9f2SziBoIZ30TJooXyTwZmhi1zjXmObYg=="
    "resolved" "https://registry.npmjs.org/@popperjs/core/-/core-2.11.4.tgz"
    "version" "2.11.4"
  
  "@semantic-ui-react/event-stack@^3.1.2":
    "integrity" "sha512-Yd0Qf7lPCIjzJ9bZYfurlNu2RDXT6KKSyubHfYK3WjRauhxCsq6Fk2LMRI9DEvShoEU+AsLSv3NGkqXAcVp0zg=="
    "resolved" "https://registry.npmjs.org/@semantic-ui-react/event-stack/-/event-stack-3.1.2.tgz"
    "version" "3.1.2"
    dependencies:
      "exenv" "^1.2.2"
      "prop-types" "^15.6.2"
  
  "clsx@^1.1.1":
    "integrity" "sha512-6/bPho624p3S2pMyvP5kKBPXnI3ufHLObBFCfgx+LkeR5lg2XYy2hqZqUf45ypD8COn2bhgGJSUE+l5dhNBieA=="
    "resolved" "https://registry.npmjs.org/clsx/-/clsx-1.1.1.tgz"
    "version" "1.1.1"
  
  "exenv@^1.2.2":
    "integrity" "sha1-KueOhdmJQVhnCwPUe+wfA72Ru50="
    "resolved" "https://registry.npmjs.org/exenv/-/exenv-1.2.2.tgz"
    "version" "1.2.2"
  
  "js-tokens@^3.0.0 || ^4.0.0":
    "integrity" "sha512-RdJUflcE3cUzKiMqQgsCu06FPu9UdIJO0beYbPhHN4k6apgJtifcoCtT9bcxOpYBtpD2kCM6Sbzg4CausW/PKQ=="
    "resolved" "https://registry.npmjs.org/js-tokens/-/js-tokens-4.0.0.tgz"
    "version" "4.0.0"
  
  "keyboard-key@^1.1.0":
    "integrity" "sha512-qkBzPTi3rlAKvX7k0/ub44sqOfXeLc/jcnGGmj5c7BJpU8eDrEVPyhCvNYAaoubbsLm9uGWwQJO1ytQK1a9/dQ=="
    "resolved" "https://registry.npmjs.org/keyboard-key/-/keyboard-key-1.1.0.tgz"
    "version" "1.1.0"
  
  "lodash-es@^4.17.21":
    "integrity" "sha512-mKnC+QJ9pWVzv+C4/U3rRsHapFfHvQFoFB92e52xeyGMcX6/OlIl78je1u8vePzYZSkkogMPJ2yjxxsb89cxyw=="
    "resolved" "https://registry.npmjs.org/lodash-es/-/lodash-es-4.17.21.tgz"
    "version" "4.17.21"
  
  "lodash@^4.17.21":
    "integrity" "sha512-v2kDEe57lecTulaDIuNTPy3Ry4gLGJ6Z1O3vE1krgXZNrsQ+LFTGHVxVjcXPs17LhbZVGedAJv8XZ1tvj5FvSg=="
    "resolved" "https://registry.npmjs.org/lodash/-/lodash-4.17.21.tgz"
    "version" "4.17.21"
  
  "loose-envify@^1.0.0", "loose-envify@^1.1.0", "loose-envify@^1.4.0":
    "integrity" "sha512-lyuxPGr/Wfhrlem2CL/UcnUc1zcqKAImBDzukY7Y5F/yQiNdko6+fRLevlw1HgMySw7f611UIY408EtxRSoK3Q=="
    "resolved" "https://registry.npmjs.org/loose-envify/-/loose-envify-1.4.0.tgz"
    "version" "1.4.0"
    dependencies:
      "js-tokens" "^3.0.0 || ^4.0.0"
  
  "object-assign@^4.1.1":
    "integrity" "sha1-IQmtx5ZYh8/AXLvUQsrIv7s2CGM="
    "resolved" "https://registry.npmjs.org/object-assign/-/object-assign-4.1.1.tgz"
    "version" "4.1.1"
  
  "prop-types@^15.6.2", "prop-types@^15.7.2", "prop-types@^15.8.1":
    "integrity" "sha512-oj87CgZICdulUohogVAR7AjlC0327U4el4L6eAvOqCeudMDVU0NThNaV+b9Df4dXgSP1gXMTnPdhfe/2qDH5cg=="
    "resolved" "https://registry.npmjs.org/prop-types/-/prop-types-15.8.1.tgz"
    "version" "15.8.1"
    dependencies:
      "loose-envify" "^1.4.0"
      "object-assign" "^4.1.1"
      "react-is" "^16.13.1"
  
  "react-dom@^16.0.0 || ^17.0.0", "react-dom@^16.8.0 || ^17", "react-dom@^16.8.0 || ^17.0.0", "react-dom@^17.0.2":
    "integrity" "sha512-s4h96KtLDUQlsENhMn1ar8t2bEa+q/YAtj8pPPdIjPDGBDIVNsrD9aXNWqspUe6AzKCIG0C1HZZLqLV7qpOBGA=="
    "resolved" "https://registry.npmjs.org/react-dom/-/react-dom-17.0.2.tgz"
    "version" "17.0.2"
    dependencies:
      "loose-envify" "^1.1.0"
      "object-assign" "^4.1.1"
      "scheduler" "^0.20.2"
  
  "react-fast-compare@^3.0.1":
    "integrity" "sha512-rtGImPZ0YyLrscKI9xTpV8psd6I8VAtjKCzQDlzyDvqJA8XOW78TXYQwNRNd8g8JZnDu8q9Fu/1v4HPAVwVdHA=="
    "resolved" "https://registry.npmjs.org/react-fast-compare/-/react-fast-compare-3.2.0.tgz"
    "version" "3.2.0"
  
  "react-is@^16.13.1", "react-is@^16.6.3", "react-is@^16.8.6 || ^17.0.0":
    "integrity" "sha512-24e6ynE2H+OKt4kqsOvNd8kBpV65zoxbA4BVsEOB3ARVWQki/DHzaUoC5KuON/BiccDaCCTZBuOcfZs70kR8bQ=="
    "resolved" "https://registry.npmjs.org/react-is/-/react-is-16.13.1.tgz"
    "version" "16.13.1"
  
  "react-popper@^2.2.4":
    "integrity" "sha512-kxGkS80eQGtLl18+uig1UIf9MKixFSyPxglsgLBxlYnyDf65BiY9B3nZSc6C9XUNDgStROB0fMQlTEz1KxGddw=="
    "resolved" "https://registry.npmjs.org/react-popper/-/react-popper-2.2.5.tgz"
    "version" "2.2.5"
    dependencies:
      "react-fast-compare" "^3.0.1"
      "warning" "^4.0.2"
  
  "react@^16.0.0 || ^17.0.0", "react@^16.8.0 || ^17", "react@^16.8.0 || ^17.0.0", "react@^17.0.2", "react@>=16.x", "react@17.0.2":
    "integrity" "sha512-gnhPt75i/dq/z3/6q/0asP78D0u592D5L1pd7M8P+dck6Fu/jJeL6iVVK23fptSUZj8Vjf++7wXA8UNclGQcbA=="
    "resolved" "https://registry.npmjs.org/react/-/react-17.0.2.tgz"
    "version" "17.0.2"
    dependencies:
      "loose-envify" "^1.1.0"
      "object-assign" "^4.1.1"
  
  "regenerator-runtime@^0.13.4":
    "integrity" "sha512-p3VT+cOEgxFsRRA9X4lkI1E+k2/CtnKtU4gcxyaCUreilL/vqI6CdZ3wxVUx3UOUg+gnUOQQcRI7BmSI656MYA=="
    "resolved" "https://registry.npmjs.org/regenerator-runtime/-/regenerator-runtime-0.13.9.tgz"
    "version" "0.13.9"
  
  "scheduler@^0.20.2":
    "integrity" "sha512-2eWfGgAqqWFGqtdMmcL5zCMK1U8KlXv8SQFGglL3CEtd0aDVDWgeF/YoCmvln55m5zSk3J/20hTaSBeSObsQDQ=="
    "resolved" "https://registry.npmjs.org/scheduler/-/scheduler-0.20.2.tgz"
    "version" "0.20.2"
    dependencies:
      "loose-envify" "^1.1.0"
      "object-assign" "^4.1.1"
  
  "semantic-ui-react@^2.1.2":
    "integrity" "sha512-NG7qMUi2Ab2gPWzOnGyBO9Ao2tjf9MZjjMMPbmg8uEUcEFm+z1QPqCKhW+eYMiZekH8L9azw9M+hzoTIB1lZgQ=="
    "resolved" "https://registry.npmjs.org/semantic-ui-react/-/semantic-ui-react-2.1.2.tgz"
    "version" "2.1.2"
    dependencies:
      "@babel/runtime" "^7.10.5"
      "@fluentui/react-component-event-listener" "~0.51.6"
      "@fluentui/react-component-ref" "~0.51.6"
      "@popperjs/core" "^2.6.0"
      "@semantic-ui-react/event-stack" "^3.1.2"
      "clsx" "^1.1.1"
      "keyboard-key" "^1.1.0"
      "lodash" "^4.17.21"
      "lodash-es" "^4.17.21"
      "prop-types" "^15.7.2"
      "react-is" "^16.8.6 || ^17.0.0"
      "react-popper" "^2.2.4"
      "shallowequal" "^1.1.0"
  
  "shallowequal@^1.1.0":
    "integrity" "sha512-y0m1JoUZSlPAjXVtPPW70aZWfIL/dSP7AFkRnniLCrK/8MDKog3TySTBmckD+RObVxH0v4Tox67+F14PdED2oQ=="
    "resolved" "https://registry.npmjs.org/shallowequal/-/shallowequal-1.1.0.tgz"
    "version" "1.1.0"
  
  "types@^0.1.1":
    "integrity" "sha1-hgxoWdETZik/g12Mla68+VApg44="
    "resolved" "https://registry.npmjs.org/types/-/types-0.1.1.tgz"
    "version" "0.1.1"
  
  "warning@^4.0.2":
    "integrity" "sha512-rpJyN222KWIvHJ/F53XSZv0Zl/accqHR8et1kpaMTD/fLCRxtV8iX8czMzY7sVZupTI3zcUTg8eycS2kNF9l6w=="
    "resolved" "https://registry.npmjs.org/warning/-/warning-4.0.3.tgz"
    "version" "4.0.3"
    dependencies:
      "loose-envify" "^1.0.0"
